<?xml version="1.0" encoding="UTF-8"?>
<testng-results skipped="0" failed="0" ignored="0" total="2" passed="2">
  <reporter-output>
  </reporter-output>
  <suite name="Suite1" duration-ms="41665" started-at="2019-02-18T18:28:32Z" finished-at="2019-02-18T18:29:14Z">
    <groups>
    </groups>
    <test name="Test" duration-ms="41665" started-at="2019-02-18T18:28:32Z" finished-at="2019-02-18T18:29:14Z">
      <class name="Scripts.InvalidLogin">
        <test-method status="PASS" signature="openApplication()[pri:0, instance:Scripts.InvalidLogin@6a024a67]" name="openApplication" is-config="true" duration-ms="5144" started-at="2019-02-18T23:58:54Z" finished-at="2019-02-18T23:58:59Z">
          <reporter-output>
          </reporter-output>
        </test-method> <!-- openApplication -->
        <test-method status="PASS" signature="testInavalidLogin()[pri:0, instance:Scripts.InvalidLogin@6a024a67]" name="testInavalidLogin" duration-ms="14177" started-at="2019-02-18T23:58:59Z" finished-at="2019-02-18T23:59:14Z">
          <reporter-output>
          </reporter-output>
        </test-method> <!-- testInavalidLogin -->
        <test-method status="PASS" signature="closeApplication(org.testng.ITestResult)[pri:0, instance:Scripts.InvalidLogin@6a024a67]" name="closeApplication" is-config="true" duration-ms="0" started-at="2019-02-18T23:59:14Z" finished-at="2019-02-18T23:59:14Z">
          <params>
            <param index="0">
              <value>
                <![CDATA[[TestResult name=testInavalidLogin status=SUCCESS method=InvalidLogin.testInavalidLogin()[pri:0, instance:Scripts.InvalidLogin@6a024a67] output={null}]]]>
              </value>
            </param>
          </params>
          <reporter-output>
          </reporter-output>
        </test-method> <!-- closeApplication -->
      </class> <!-- Scripts.InvalidLogin -->
      <class name="Scripts.ValidLogin">
        <test-method status="PASS" signature="openApplication()[pri:0, instance:Scripts.ValidLogin@6ea12c19]" name="openApplication" is-config="true" duration-ms="7894" started-at="2019-02-18T23:58:32Z" finished-at="2019-02-18T23:58:40Z">
          <reporter-output>
          </reporter-output>
        </test-method> <!-- openApplication -->
        <test-method status="PASS" signature="testValidLogin()[pri:0, instance:Scripts.ValidLogin@6ea12c19]" name="testValidLogin" duration-ms="14427" started-at="2019-02-18T23:58:40Z" finished-at="2019-02-18T23:58:54Z">
          <reporter-output>
          </reporter-output>
        </test-method> <!-- testValidLogin -->
        <test-method status="PASS" signature="closeApplication(org.testng.ITestResult)[pri:0, instance:Scripts.ValidLogin@6ea12c19]" name="closeApplication" is-config="true" duration-ms="1" started-at="2019-02-18T23:58:54Z" finished-at="2019-02-18T23:58:54Z">
          <params>
            <param index="0">
              <value>
                <![CDATA[[TestResult name=testValidLogin status=SUCCESS method=ValidLogin.testValidLogin()[pri:0, instance:Scripts.ValidLogin@6ea12c19] output={null}]]]>
              </value>
            </param>
          </params>
          <reporter-output>
          </reporter-output>
        </test-method> <!-- closeApplication -->
      </class> <!-- Scripts.ValidLogin -->
    </test> <!-- Test -->
  </suite> <!-- Suite1 -->
</testng-results>
